2025-11-13 16:46:24,800 - INFO - Чтение data/raw/websites_updated.xlsx...
2025-11-13 16:46:25,535 - INFO - Обрабатываем 1938 документов
2025-11-13 16:46:25,536 - INFO - Загрузка модели intfloat/multilingual-e5-small на CPU...
2025-11-13 16:46:25,537 - INFO - Load pretrained SentenceTransformer: intfloat/multilingual-e5-small
2025-11-13 16:46:42,027 - INFO - Пропуск строки: текст слишком короткий: 15
2025-11-13 16:47:06,977 - INFO - Пропуск строки: текст слишком короткий: 36
2025-11-13 16:47:13,591 - INFO - Пропуск строки: текст слишком короткий: 42
2025-11-13 16:47:13,591 - INFO - Пропуск строки: текст слишком короткий: 43
2025-11-13 16:47:26,855 - INFO - Пропуск строки: текст слишком короткий: 72
2025-11-13 16:47:26,988 - INFO - Пропуск строки: текст слишком короткий: 77
2025-11-13 16:47:34,608 - INFO - Пропуск строки: текст слишком короткий: 81
2025-11-13 16:48:14,786 - INFO - Пропуск строки: текст слишком короткий: 110
2025-11-13 16:56:51,385 - INFO - Пропуск строки: текст слишком короткий: 402
2025-11-13 16:57:01,149 - INFO - Пропуск строки: текст слишком короткий: 412
2025-11-13 16:57:37,593 - INFO - Пропуск строки: текст слишком короткий: 442
2025-11-13 16:58:04,215 - INFO - Пропуск строки: текст слишком короткий: 467
2025-11-13 16:58:08,804 - INFO - Пропуск строки: текст слишком короткий: 479
2025-11-13 16:58:12,578 - INFO - Пропуск строки: текст слишком короткий: 500
2025-11-13 16:58:14,547 - INFO - Пропуск строки: текст слишком короткий: 513
2025-11-13 16:58:15,921 - INFO - Пропуск строки: текст слишком короткий: 521
2025-11-13 16:58:18,037 - INFO - Пропуск строки: текст слишком короткий: 530
2025-11-13 16:58:19,560 - INFO - Пропуск строки: текст слишком короткий: 541
2025-11-13 16:58:19,763 - INFO - Пропуск строки: текст слишком короткий: 544
2025-11-13 16:58:23,214 - INFO - Пропуск строки: текст слишком короткий: 561
2025-11-13 16:58:23,215 - INFO - Пропуск строки: текст слишком короткий: 562
2025-11-13 16:58:23,215 - INFO - Пропуск строки: текст слишком короткий: 563
2025-11-13 16:58:23,352 - INFO - Пропуск строки: текст слишком короткий: 565
2025-11-13 16:58:23,353 - INFO - Пропуск строки: текст слишком короткий: 566
2025-11-13 16:58:23,354 - INFO - Пропуск строки: текст слишком короткий: 567
2025-11-13 16:58:23,611 - INFO - Пропуск строки: текст слишком короткий: 569
2025-11-13 16:58:23,611 - INFO - Пропуск строки: текст слишком короткий: 570
2025-11-13 16:58:24,441 - INFO - Пропуск строки: текст слишком короткий: 572
2025-11-13 16:58:24,441 - INFO - Пропуск строки: текст слишком короткий: 574
2025-11-13 16:58:24,514 - INFO - Пропуск строки: текст слишком короткий: 576
2025-11-13 16:58:24,515 - INFO - Пропуск строки: текст слишком короткий: 577
2025-11-13 16:58:24,516 - INFO - Пропуск строки: текст слишком короткий: 578
2025-11-13 16:58:36,924 - INFO - Пропуск строки: текст слишком короткий: 586
2025-11-13 16:58:36,925 - INFO - Пропуск строки: текст слишком короткий: 587
2025-11-13 16:58:39,034 - INFO - Пропуск строки: текст слишком короткий: 589
2025-11-13 16:58:40,853 - INFO - Пропуск строки: текст слишком короткий: 591
2025-11-13 16:58:40,853 - INFO - Пропуск строки: текст слишком короткий: 592
2025-11-13 16:58:40,854 - INFO - Пропуск строки: текст слишком короткий: 593
2025-11-13 16:58:40,854 - INFO - Пропуск строки: текст слишком короткий: 594
2025-11-13 16:58:40,855 - INFO - Пропуск строки: текст слишком короткий: 596
2025-11-13 16:58:40,855 - INFO - Пропуск строки: текст слишком короткий: 598
2025-11-13 16:58:48,058 - INFO - Пропуск строки: текст слишком короткий: 605
2025-11-13 17:02:21,040 - INFO - Пропуск строки: текст слишком короткий: 748
2025-11-13 17:04:40,616 - INFO - Пропуск строки: текст слишком короткий: 860
2025-11-13 17:05:01,197 - INFO - Пропуск строки: текст слишком короткий: 891
2025-11-13 17:09:07,738 - INFO - Пропуск строки: текст слишком короткий: 1005
2025-11-13 17:11:24,452 - INFO - Пропуск строки: текст слишком короткий: 1062
2025-11-13 17:13:20,267 - INFO - Пропуск строки: текст слишком короткий: 1137
2025-11-13 17:14:46,542 - INFO - Пропуск строки: текст слишком короткий: 1203
2025-11-13 17:14:55,826 - INFO - Пропуск строки: текст слишком короткий: 1245
2025-11-13 17:14:57,291 - INFO - Пропуск строки: текст слишком короткий: 1248
2025-11-13 17:16:31,478 - INFO - Пропуск строки: текст слишком короткий: 1316
2025-11-13 17:16:31,754 - INFO - Пропуск строки: текст слишком короткий: 1319
2025-11-13 17:16:34,324 - INFO - Пропуск строки: текст слишком короткий: 1333
2025-11-13 17:16:37,180 - INFO - Пропуск строки: текст слишком короткий: 1351
2025-11-13 17:16:37,689 - INFO - Пропуск строки: текст слишком короткий: 1357
2025-11-13 17:16:44,398 - INFO - Пропуск строки: текст слишком короткий: 1427
2025-11-13 17:16:55,744 - INFO - Пропуск строки: текст слишком короткий: 1507
2025-11-13 17:16:55,744 - INFO - Пропуск строки: текст слишком короткий: 1508
2025-11-13 17:16:55,815 - INFO - Пропуск строки: текст слишком короткий: 1510
2025-11-13 17:16:55,980 - INFO - Пропуск строки: текст слишком короткий: 1512
2025-11-13 17:17:09,681 - INFO - Пропуск строки: текст слишком короткий: 1566
2025-11-13 17:17:12,527 - INFO - Пропуск строки: текст слишком короткий: 1574
2025-11-13 17:18:26,796 - INFO - Пропуск строки: текст слишком короткий: 1678
2025-11-13 17:18:58,618 - INFO - Пропуск строки: текст слишком короткий: 1706
2025-11-13 17:19:02,184 - INFO - Пропуск строки: текст слишком короткий: 1716
2025-11-13 17:19:10,049 - INFO - Пропуск строки: текст слишком короткий: 1722
2025-11-13 17:19:47,053 - INFO - Пропуск строки: текст слишком короткий: 1741
2025-11-13 17:21:31,088 - INFO - Пропуск строки: текст слишком короткий: 1771
2025-11-13 17:23:45,595 - INFO - Пропуск строки: текст слишком короткий: 1805
2025-11-13 17:25:30,216 - INFO - Пропуск строки: текст слишком короткий: 1851
2025-11-13 17:25:32,231 - INFO - Пропуск строки: текст слишком короткий: 1855
2025-11-13 17:25:48,105 - INFO - Пропуск строки: текст слишком короткий: 1877
2025-11-13 17:26:26,437 - WARNING - Пропуск строки: один из обязательных полей пуст: 1937
2025-11-13 17:26:26,624 - INFO - Удалено дубликатов: 4965
2025-11-13 17:26:26,631 - INFO - 📊 Статистика:
2025-11-13 17:26:26,633 - INFO -    - Чанков: 17159
2025-11-13 17:26:26,633 - INFO -    - Средняя длина: 384.30
2025-11-13 17:26:26,633 - INFO -    - Уникальных web_id: 1864
2025-11-13 17:26:27,172 - INFO - chunks.csv: 17159 чанков
2025-11-13 17:26:27,174 - INFO - ✅ Метрики добавлены в конец data/processed/chunks.csv
2025-11-13 17:26:27,467 - INFO - chunks.jsonl: 17159 чанков → для Generator
2025-11-13 17:26:27,467 - INFO - ✅ Метрики добавлены в конец data/processed/chunks.jsonl
